# JRE version: OpenJDK Runtime Environment Zulu15.46+17-CA (15.0.10+5) (build 15.0.10+5-MTS)
# Java VM: OpenJDK 64-Bit Server VM Zulu15.46+17-CA (15.0.10+5-MTS, mixed mode, tiered, compressed oops, g1 gc, bsd-aarch64)
GC Precious Log:
 CPUs: 10 total, 10 available
 Memory: 32768M
 Large Page Support: Disabled
 NUMA Support: Disabled
 Compressed Oops: Enabled (Zero based)
 Heap Region Size: 1M
 Heap Min Capacity: 8M
 Heap Initial Capacity: 512M
 Heap Max Capacity: 1G
 Pre-touch: Disabled
 Parallel Workers: 9
 Concurrent Workers: 2
 Concurrent Refinement Workers: 9
 Periodic GC: Disabled
Heap:
 garbage-first heap   total 266240K, used 78848K [0x0000000780000000, 0x00000007c0000000)
  region size 1024K, 1 young (1024K), 0 survivors (0K)
 Metaspace       used 16681K, capacity 17018K, committed 17408K, reserved 1064960K
  class space    used 2116K, capacity 2229K, committed 2304K, reserved 1048576K
GC Heap History (20 events):
Event: 124.404 GC heap before
{Heap before GC invocations=883 (full 414):
 garbage-first heap   total 266240K, used 82977K [0x0000000780000000, 0x00000007c0000000)
  region size 1024K, 6 young (6144K), 1 survivors (1024K)
 Metaspace       used 16681K, capacity 17018K, committed 17408K, reserved 1064960K
  class space    used 2116K, capacity 2229K, committed 2304K, reserved 1048576K
}
Event: 124.433 GC heap after
{Heap after GC invocations=884 (full 415):
 garbage-first heap   total 266240K, used 78855K [0x0000000780000000, 0x00000007c0000000)
  region size 1024K, 0 young (0K), 0 survivors (0K)
 Metaspace       used 16681K, capacity 17018K, committed 17408K, reserved 1064960K
  class space    used 2116K, capacity 2229K, committed 2304K, reserved 1048576K
}
Event: 124.639 GC heap before
{Heap before GC invocations=884 (full 415):
 garbage-first heap   total 266240K, used 236551K [0x0000000780000000, 0x00000007c0000000)
  region size 1024K, 154 young (157696K), 0 survivors (0K)
 Metaspace       used 16681K, capacity 17018K, committed 17408K, reserved 1064960K
  class space    used 2116K, capacity 2229K, committed 2304K, reserved 1048576K
}
Event: 124.639 GC heap after
{Heap after GC invocations=885 (full 415):
 garbage-first heap   total 266240K, used 78879K [0x0000000780000000, 0x00000007c0000000)
  region size 1024K, 1 young (1024K), 1 survivors (1024K)
 Metaspace       used 16681K, capacity 17018K, committed 17408K, reserved 1064960K
  class space    used 2116K, capacity 2229K, committed 2304K, reserved 1048576K
}
Event: 124.718 GC heap before
{Heap before GC invocations=885 (full 415):
 garbage-first heap   total 266240K, used 81951K [0x0000000780000000, 0x00000007c0000000)
  region size 1024K, 5 young (5120K), 1 survivors (1024K)
 Metaspace       used 16681K, capacity 17018K, committed 17408K, reserved 1064960K
  class space    used 2116K, capacity 2229K, committed 2304K, reserved 1048576K
}
Event: 124.747 GC heap after
{Heap after GC invocations=886 (full 416):
 garbage-first heap   total 266240K, used 78852K [0x0000000780000000, 0x00000007c0000000)
  region size 1024K, 0 young (0K), 0 survivors (0K)
 Metaspace       used 16681K, capacity 17018K, committed 17408K, reserved 1064960K
  class space    used 2116K, capacity 2229K, committed 2304K, reserved 1048576K
}
Event: 124.948 GC heap before
{Heap before GC invocations=886 (full 416):
 garbage-first heap   total 266240K, used 237572K [0x0000000780000000, 0x00000007c0000000)
  region size 1024K, 155 young (158720K), 0 survivors (0K)
 Metaspace       used 16681K, capacity 17018K, committed 17408K, reserved 1064960K
  class space    used 2116K, capacity 2229K, committed 2304K, reserved 1048576K
}
Event: 124.949 GC heap after
{Heap after GC invocations=887 (full 416):
 garbage-first heap   total 266240K, used 78874K [0x0000000780000000, 0x00000007c0000000)
  region size 1024K, 1 young (1024K), 1 survivors (1024K)
 Metaspace       used 16681K, capacity 17018K, committed 17408K, reserved 1064960K
  class space    used 2116K, capacity 2229K, committed 2304K, reserved 1048576K
}
Event: 125.025 GC heap before
{Heap before GC invocations=887 (full 416):
 garbage-first heap   total 266240K, used 78874K [0x0000000780000000, 0x00000007c0000000)
  region size 1024K, 2 young (2048K), 1 survivors (1024K)
 Metaspace       used 16681K, capacity 17018K, committed 17408K, reserved 1064960K
  class space    used 2116K, capacity 2229K, committed 2304K, reserved 1048576K
}
Event: 125.054 GC heap after
{Heap after GC invocations=888 (full 417):
 garbage-first heap   total 266240K, used 78851K [0x0000000780000000, 0x00000007c0000000)
  region size 1024K, 0 young (0K), 0 survivors (0K)
 Metaspace       used 16681K, capacity 17018K, committed 17408K, reserved 1064960K
  class space    used 2116K, capacity 2229K, committed 2304K, reserved 1048576K
}
Event: 125.258 GC heap before
{Heap before GC invocations=888 (full 417):
 garbage-first heap   total 266240K, used 236547K [0x0000000780000000, 0x00000007c0000000)
  region size 1024K, 154 young (157696K), 0 survivors (0K)
 Metaspace       used 16681K, capacity 17018K, committed 17408K, reserved 1064960K
  class space    used 2116K, capacity 2229K, committed 2304K, reserved 1048576K
}
Event: 125.258 GC heap after
{Heap after GC invocations=889 (full 417):
 garbage-first heap   total 266240K, used 78863K [0x0000000780000000, 0x00000007c0000000)
  region size 1024K, 1 young (1024K), 1 survivors (1024K)
 Metaspace       used 16681K, capacity 17018K, committed 17408K, reserved 1064960K
  class space    used 2116K, capacity 2229K, committed 2304K, reserved 1048576K
}
Event: 125.335 GC heap before
{Heap before GC invocations=889 (full 417):
 garbage-first heap   total 266240K, used 78863K [0x0000000780000000, 0x00000007c0000000)
  region size 1024K, 2 young (2048K), 1 survivors (1024K)
 Metaspace       used 16681K, capacity 17018K, committed 17408K, reserved 1064960K
  class space    used 2116K, capacity 2229K, committed 2304K, reserved 1048576K
}
Event: 125.364 GC heap after
{Heap after GC invocations=890 (full 418):
 garbage-first heap   total 266240K, used 78849K [0x0000000780000000, 0x00000007c0000000)
  region size 1024K, 0 young (0K), 0 survivors (0K)
 Metaspace       used 16681K, capacity 17018K, committed 17408K, reserved 1064960K
  class space    used 2116K, capacity 2229K, committed 2304K, reserved 1048576K
}
Event: 125.563 GC heap before
{Heap before GC invocations=890 (full 418):
 garbage-first heap   total 266240K, used 236545K [0x0000000780000000, 0x00000007c0000000)
  region size 1024K, 154 young (157696K), 0 survivors (0K)
 Metaspace       used 16681K, capacity 17018K, committed 17408K, reserved 1064960K
  class space    used 2116K, capacity 2229K, committed 2304K, reserved 1048576K
}
Event: 125.563 GC heap after
{Heap after GC invocations=891 (full 418):
 garbage-first heap   total 266240K, used 78867K [0x0000000780000000, 0x00000007c0000000)
  region size 1024K, 1 young (1024K), 1 survivors (1024K)
 Metaspace       used 16681K, capacity 17018K, committed 17408K, reserved 1064960K
  class space    used 2116K, capacity 2229K, committed 2304K, reserved 1048576K
}
Event: 125.642 GC heap before
{Heap before GC invocations=891 (full 418):
 garbage-first heap   total 266240K, used 79891K [0x0000000780000000, 0x00000007c0000000)
  region size 1024K, 3 young (3072K), 1 survivors (1024K)
 Metaspace       used 16681K, capacity 17018K, committed 17408K, reserved 1064960K
  class space    used 2116K, capacity 2229K, committed 2304K, reserved 1048576K
}
Event: 125.670 GC heap after
{Heap after GC invocations=892 (full 419):
 garbage-first heap   total 266240K, used 78849K [0x0000000780000000, 0x00000007c0000000)
  region size 1024K, 0 young (0K), 0 survivors (0K)
 Metaspace       used 16681K, capacity 17018K, committed 17408K, reserved 1064960K
  class space    used 2116K, capacity 2229K, committed 2304K, reserved 1048576K
}
Event: 125.974 GC heap before
{Heap before GC invocations=892 (full 419):
 garbage-first heap   total 266240K, used 225281K [0x0000000780000000, 0x00000007c0000000)
  region size 1024K, 144 young (147456K), 0 survivors (0K)
 Metaspace       used 16681K, capacity 17018K, committed 17408K, reserved 1064960K
  class space    used 2116K, capacity 2229K, committed 2304K, reserved 1048576K
}
Event: 126.006 GC heap after
{Heap after GC invocations=893 (full 420):
 garbage-first heap   total 266240K, used 78848K [0x0000000780000000, 0x00000007c0000000)
  region size 1024K, 0 young (0K), 0 survivors (0K)
 Metaspace       used 16681K, capacity 17018K, committed 17408K, reserved 1064960K
  class space    used 2116K, capacity 2229K, committed 2304K, reserved 1048576K
}

